[46808:42116:1229/123719.387:WARNING:chrome_command_line_pref_store.cc(119)] Additional command-line proxy switches specified when --no-proxy-server was also specified.
[46808:42116:1229/123719.394:WARNING:chrome_command_line_pref_store.cc(119)] Additional command-line proxy switches specified when --no-proxy-server was also specified.
[46808:42116:1229/123719.470:WARNING:chrome_command_line_pref_store.cc(119)] Additional command-line proxy switches specified when --no-proxy-server was also specified.
[46808:42116:1229/123719.979:WARNING:CONSOLE(0)] "HTML Imports is deprecated and will be removed in M73, around March 2019. Please use ES modules instead. See https://www.chromestatus.com/features/5144752345317376 for more details.", source:  (0)
[46808:42116:1229/123719.992:WARNING:CONSOLE(77)] "document.registerElement is deprecated and will be removed in M73, around March 2019. Please use window.customElements.define instead. See https://www.chromestatus.com/features/4642138092470272 for more details.", source: https://ssl.gstatic.com/chrome/components/doodle-notifier-02.html (77)
[46808:42116:1229/123727.645:INFO:CONSOLE(0)] "Slow network is detected. See https://www.chromestatus.com/feature/5636954674692096 for more details. Fallback font will be used while loading: https://incapsulate311-sat-dev-ed.my.salesforce.com/fonts/SalesforceSans/SalesforceSans-Regular.woff2", source: https://incapsulate311-sat-dev-ed.my.salesforce.com/console?tsid=02uf2000001DGlj (0)
[46808:42116:1229/123727.646:INFO:CONSOLE(0)] "Slow network is detected. See https://www.chromestatus.com/feature/5636954674692096 for more details. Fallback font will be used while loading: https://incapsulate311-sat-dev-ed.my.salesforce.com/fonts/feed/compactfeedicons.woff?cb1", source: https://incapsulate311-sat-dev-ed.my.salesforce.com/console?tsid=02uf2000001DGlj (0)
[46808:42116:1229/123727.733:INFO:CONSOLE(120)] "Slow network is detected. See https://www.chromestatus.com/feature/5636954674692096 for more details. Fallback font will be used while loading: https://incapsulate311-sat-dev-ed.my.salesforce.com/fonts/SalesforceSans/SalesforceSans-Bold.woff", source: https://incapsulate311-sat-dev-ed.my.salesforce.com/EXT/ext-3.3.3/ext.js (120)
[46808:42116:1229/123728.219:INFO:CONSOLE(255)] "XHR request POST /chatter/handlers/knowledgehome2/articleslist", source: https://incapsulate311-sat-dev-ed.my.salesforce.com/jslibrary/1539646802000/sfdc/Chatter.js (255)
[46808:42116:1229/123728.220:INFO:CONSOLE(255)] "Rewritten URL: /chatter/handlers/knowledgehome2/articleslist", source: https://incapsulate311-sat-dev-ed.my.salesforce.com/jslibrary/1539646802000/sfdc/Chatter.js (255)
[46808:42116:1229/123728.675:INFO:CONSOLE(255)] "Request completed in 453ms", source: https://incapsulate311-sat-dev-ed.my.salesforce.com/jslibrary/1539646802000/sfdc/Chatter.js (255)
[46808:42116:1229/123728.698:INFO:CONSOLE(255)] "CEB EVENT! ns<articleList_kbOneTab> en<onRepaintArticleListingComplete> pld<> exec-time<0>", source: https://incapsulate311-sat-dev-ed.my.salesforce.com/jslibrary/1539646802000/sfdc/Chatter.js (255)
[46808:42116:1229/123728.698:INFO:CONSOLE(255)] "Success handler completed in 24ms", source: https://incapsulate311-sat-dev-ed.my.salesforce.com/jslibrary/1539646802000/sfdc/Chatter.js (255)
[46808:42116:1229/123756.475:INFO:CONSOLE(359)] "refreshPrimaryTabById: Invalid ID: scc-st-1", source: https://incapsulate311-sat-dev-ed.my.salesforce.com/jslibrary/1539646802000/sfdc/ServiceDesk.js (359)
[46808:42116:1229/123757.724:INFO:CONSOLE(255)] "publisher core wiring started", source: https://incapsulate311-sat-dev-ed.my.salesforce.com/jslibrary/1539646802000/sfdc/Chatter.js (255)
[46808:42116:1229/123757.729:INFO:CONSOLE(255)] "publisher core wiring finished in 5ms", source: https://incapsulate311-sat-dev-ed.my.salesforce.com/jslibrary/1539646802000/sfdc/Chatter.js (255)
[46808:42116:1229/123758.168:INFO:CONSOLE(255)] "CEB EVENT! ns<chatter:publisher> en<onAfterFeedLoad> pld<[object Object]> exec-time<0>", source: https://incapsulate311-sat-dev-ed.my.salesforce.com/jslibrary/1539646802000/sfdc/Chatter.js (255)
[46808:42116:1229/123811.250:INFO:CONSOLE(173)] "The deviceorientation events are blocked by feature policy. See https://github.com/WICG/feature-policy/blob/master/features.md#sensor-features", source: https://maps.googleapis.com/maps/api/js?key=AIzaSyCWhPoBVVFhk7cCoEFXJNiZ3h_JTDI05ZY&callback=loaderCB01546067290685&libraries=places&v=3.29&language=en (173)
[46808:42116:1229/123811.599:INFO:CONSOLE(327)] "[esri.core.urlUtils]", source: https://js.arcgis.com/4.5/dojo/dojo.js (327)
[46808:42116:1229/123811.711:INFO:CONSOLE(327)] "[esri.core.urlUtils]", source: https://js.arcgis.com/4.5/dojo/dojo.js (327)
[46808:42116:1229/123811.755:INFO:CONSOLE(327)] "[esri.core.urlUtils]", source: https://js.arcgis.com/4.5/dojo/dojo.js (327)
[46808:42116:1229/123811.759:INFO:CONSOLE(327)] "[esri.core.urlUtils]", source: https://js.arcgis.com/4.5/dojo/dojo.js (327)
[46808:42116:1229/123812.139:INFO:CONSOLE(327)] "[esri.core.urlUtils]", source: https://js.arcgis.com/4.5/dojo/dojo.js (327)
[46808:42116:1229/123812.145:INFO:CONSOLE(327)] "[esri.core.urlUtils]", source: https://js.arcgis.com/4.5/dojo/dojo.js (327)
[46808:42116:1229/123812.521:INFO:CONSOLE(327)] "[esri.core.urlUtils]", source: https://js.arcgis.com/4.5/dojo/dojo.js (327)
[46808:42116:1229/123813.005:INFO:CONSOLE(327)] "[esri.core.urlUtils]", source: https://js.arcgis.com/4.5/dojo/dojo.js (327)
[46808:42116:1229/123815.901:INFO:CONSOLE(219)] "Google Maps JavaScript API warning: RetiredVersion https://developers.google.com/maps/documentation/javascript/error-messages#retired-version", source: https://maps.googleapis.com/maps-api-v3/api/js/35/6/util.js (219)
[46808:42116:1229/123834.144:INFO:CONSOLE(327)] "[esri.core.urlUtils]", source: https://js.arcgis.com/4.5/dojo/dojo.js (327)
[46808:42116:1229/123834.168:INFO:CONSOLE(327)] "[esri.core.urlUtils]", source: https://js.arcgis.com/4.5/dojo/dojo.js (327)
[46808:42116:1229/123834.538:INFO:CONSOLE(327)] "[esri.core.urlUtils]", source: https://js.arcgis.com/4.5/dojo/dojo.js (327)
[46808:42116:1229/123851.999:INFO:CONSOLE(327)] "[esri.core.urlUtils]", source: https://js.arcgis.com/4.5/dojo/dojo.js (327)
[46808:42116:1229/123905.125:INFO:CONSOLE(0)] "Slow network is detected. See https://www.chromestatus.com/feature/5636954674692096 for more details. Fallback font will be used while loading: https://incapsulate311-sat-dev-ed.my.salesforce.com/fonts/SalesforceSans/SalesforceSans-Light.woff2", source: https://incapsulate311-sat-dev-ed.my.salesforce.com/console?tsid=02uf2000001DGlj (0)
[46808:42116:1229/123905.432:INFO:CONSOLE(0)] "Invalid 'X-Frame-Options' header encountered when loading 'https://incapsulate311-sat-dev-ed.my.salesforce.com/support/console/highlightpanel.apexp?id=500f200001L9Gll&isdtp=vw&inContextPane=true&nonce=6b3af1660cd42a63f6bf4cc745d6a2464fe8a683830044e31a81073e6002bba6&sfdcIFrameOrigin=https%3A%2F%2Fincapsulate311-sat-dev-ed.my.salesforce.com': 'ALLOW-FROM https://incapsulate311-sat-dev-ed.my.salesforce.com' is not a recognized directive. The header will be ignored.", source: https://incapsulate311-sat-dev-ed.my.salesforce.com/console?tsid=02uf2000001DGlj (0)
[46808:42116:1229/123905.553:INFO:CONSOLE(396)] "[HighlightPanel] Initialization started", source: https://incapsulate311-sat-dev-ed.my.salesforce.com/jslibrary/1543986924000/sfdc/main.js (396)
[46808:42116:1229/123905.555:INFO:CONSOLE(396)] "[HighlightPanel] Splitter created between panels LEFT (WEST) and CENTER (EAST).", source: https://incapsulate311-sat-dev-ed.my.salesforce.com/jslibrary/1543986924000/sfdc/main.js (396)
[46808:42116:1229/123905.556:INFO:CONSOLE(396)] "[HighlightPanel] Splitter created between panels CENTER (WEST) and RIGHT (EAST).", source: https://incapsulate311-sat-dev-ed.my.salesforce.com/jslibrary/1543986924000/sfdc/main.js (396)
[46808:42116:1229/123905.580:INFO:CONSOLE(396)] "[HighlightPanel] Initialization successful", source: https://incapsulate311-sat-dev-ed.my.salesforce.com/jslibrary/1543986924000/sfdc/main.js (396)
[46808:42116:1229/123905.588:INFO:CONSOLE(1)] "Uncaught SyntaxError: Unexpected token E in JSON at position 0", source: https://2ek0d.la4-c2-phx.salesforceliveagent.com/chat/rest/cdm?version=44 (1)
[46808:42116:1229/123905.592:INFO:CONSOLE(1)] "Uncaught SyntaxError: Unexpected token E in JSON at position 0", source: https://2ek0d.la4-c2-phx.salesforceliveagent.com/chat/rest/cdm?version=44 (1)
[46808:42116:1229/123906.143:INFO:CONSOLE(0)] "Slow network is detected. See https://www.chromestatus.com/feature/5636954674692096 for more details. Fallback font will be used while loading: https://incapsulate311-sat-dev-ed.my.salesforce.com/fonts/feed/compactfeedicons.woff", source: https://incapsulate311-sat-dev-ed.my.salesforce.com/500f200001L9Gll?isdtp=vw&isWsVw=true&nonce=6b3af1660cd42a63f6bf4cc745d6a2464fe8a683830044e31a81073e6002bba6&sfdcIFrameOrigin=https%3A%2F%2Fincapsulate311-sat-dev-ed.my.salesforce.com (0)
[46808:42116:1229/123906.357:INFO:CONSOLE(255)] "CEB EVENT! ns<chatter:feed> en<onAfterExpandedStateChange> pld<[object Object]> exec-time<0>", source: https://incapsulate311-sat-dev-ed.my.salesforce.com/jslibrary/1539646802000/sfdc/Chatter.js (255)
[46808:42116:1229/123906.403:INFO:CONSOLE(255)] "publisher core wiring started", source: https://incapsulate311-sat-dev-ed.my.salesforce.com/jslibrary/1539646802000/sfdc/Chatter.js (255)
[46808:42116:1229/123906.411:INFO:CONSOLE(255)] "publisher core wiring finished in 8ms", source: https://incapsulate311-sat-dev-ed.my.salesforce.com/jslibrary/1539646802000/sfdc/Chatter.js (255)
[46808:42116:1229/123909.751:INFO:CONSOLE(255)] "CEB EVENT! ns<entityFeed:publisher> en<onResize> pld<[object Object]> exec-time<0>", source: https://incapsulate311-sat-dev-ed.my.salesforce.com/jslibrary/1539646802000/sfdc/Chatter.js (255)
[46808:42116:1229/123909.752:INFO:CONSOLE(255)] "CEB EVENT! ns<chatter:publisher> en<onAfterFeedLoad> pld<[object Object]> exec-time<0>", source: https://incapsulate311-sat-dev-ed.my.salesforce.com/jslibrary/1539646802000/sfdc/Chatter.js (255)
[46808:42116:1229/123909.764:INFO:CONSOLE(397)] "ChatterHover: element not a link or wrapped in link or containing link. DomId:hoverItem128", source: https://incapsulate311-sat-dev-ed.my.salesforce.com/jslibrary/1543986924000/sfdc/main.js (397)
[46808:42116:1229/123909.790:INFO:CONSOLE(1)] "Uncaught SyntaxError: Unexpected token E in JSON at position 0", source: https://2ek0d.la4-c2-phx.salesforceliveagent.com/chat/rest/cdm?version=44 (1)
[46808:42116:1229/123909.791:INFO:CONSOLE(1)] "Uncaught SyntaxError: Unexpected token E in JSON at position 0", source: https://2ek0d.la4-c2-phx.salesforceliveagent.com/chat/rest/cdm?version=44 (1)
[46808:42116:1229/123909.792:INFO:CONSOLE(1)] "Uncaught SyntaxError: Unexpected token e in JSON at position 0", source: https://2ek0d.la4-c2-phx.salesforceliveagent.com/chat/rest/cdm?version=44 (1)
[46808:42116:1229/123909.792:INFO:CONSOLE(1)] "Uncaught SyntaxError: Unexpected token e in JSON at position 0", source: https://2ek0d.la4-c2-phx.salesforceliveagent.com/chat/rest/cdm?version=44 (1)
[46808:42116:1229/124056.872:INFO:CONSOLE(0)] "Slow network is detected. See https://www.chromestatus.com/feature/5636954674692096 for more details. Fallback font will be used while loading: https://incapsulate311-sat-dev-ed.my.salesforce.com/login/assets/fonts/SalesforceSans/SalesforceSans-Regular.woff2", source: https://incapsulate311-sat-dev-ed.my.salesforce.com/ (0)
[46808:42116:1229/124056.873:INFO:CONSOLE(0)] "Slow network is detected. See https://www.chromestatus.com/feature/5636954674692096 for more details. Fallback font will be used while loading: https://incapsulate311-sat-dev-ed.my.salesforce.com/login/assets/fonts/SalesforceSans/SalesforceSans-Light.woff2", source: https://incapsulate311-sat-dev-ed.my.salesforce.com/ (0)
[46808:42116:1229/124057.237:INFO:CONSOLE(1596)] "Slow network is detected. See https://www.chromestatus.com/feature/5636954674692096 for more details. Fallback font will be used while loading: https://c1.sfdcstatic.com/etc/clientlibs/sfdc-aem-master/clientlibs_base/fonts/SalesforceSans-Regular.woff", source: https://c1.sfdcstatic.com/etc/clientlibs/granite/jquery.min.a1b61eccd1f2b58b4221afee4dd310e6.js (1596)
[46808:42116:1229/124057.237:INFO:CONSOLE(1596)] "Slow network is detected. See https://www.chromestatus.com/feature/5636954674692096 for more details. Fallback font will be used while loading: https://c1.sfdcstatic.com/etc/clientlibs/sfdc-aem-master/clientlibs_base/fonts/SalesforceSans-Bold.woff", source: https://c1.sfdcstatic.com/etc/clientlibs/granite/jquery.min.a1b61eccd1f2b58b4221afee4dd310e6.js (1596)
[46808:42116:1229/124057.238:INFO:CONSOLE(1596)] "Slow network is detected. See https://www.chromestatus.com/feature/5636954674692096 for more details. Fallback font will be used while loading: https://c1.sfdcstatic.com/etc/clientlibs/sfdc-aem-master/clientlibs_base/fonts/SalesforceSans-Light.woff", source: https://c1.sfdcstatic.com/etc/clientlibs/granite/jquery.min.a1b61eccd1f2b58b4221afee4dd310e6.js (1596)
