[36692:33716:1227/180455.941:WARNING:chrome_command_line_pref_store.cc(119)] Additional command-line proxy switches specified when --no-proxy-server was also specified.
[36692:33716:1227/180455.950:WARNING:chrome_command_line_pref_store.cc(119)] Additional command-line proxy switches specified when --no-proxy-server was also specified.
[36692:33716:1227/180456.065:WARNING:chrome_command_line_pref_store.cc(119)] Additional command-line proxy switches specified when --no-proxy-server was also specified.
[36692:33716:1227/180456.791:WARNING:CONSOLE(0)] "HTML Imports is deprecated and will be removed in M73, around March 2019. Please use ES modules instead. See https://www.chromestatus.com/features/5144752345317376 for more details.", source:  (0)
[36692:33716:1227/180456.845:WARNING:CONSOLE(77)] "document.registerElement is deprecated and will be removed in M73, around March 2019. Please use window.customElements.define instead. See https://www.chromestatus.com/features/4642138092470272 for more details.", source: https://ssl.gstatic.com/chrome/components/doodle-notifier-02.html (77)
[36692:33716:1227/180504.989:INFO:CONSOLE(255)] "XHR request POST /chatter/handlers/knowledgehome2/articleslist", source: https://incapsulate311-sat-dev-ed.my.salesforce.com/jslibrary/1539646802000/sfdc/Chatter.js (255)
[36692:33716:1227/180504.990:INFO:CONSOLE(255)] "Rewritten URL: /chatter/handlers/knowledgehome2/articleslist", source: https://incapsulate311-sat-dev-ed.my.salesforce.com/jslibrary/1539646802000/sfdc/Chatter.js (255)
[36692:33716:1227/180505.417:INFO:CONSOLE(255)] "Request completed in 427ms", source: https://incapsulate311-sat-dev-ed.my.salesforce.com/jslibrary/1539646802000/sfdc/Chatter.js (255)
[36692:33716:1227/180505.429:INFO:CONSOLE(255)] "CEB EVENT! ns<articleList_kbOneTab> en<onRepaintArticleListingComplete> pld<> exec-time<0>", source: https://incapsulate311-sat-dev-ed.my.salesforce.com/jslibrary/1539646802000/sfdc/Chatter.js (255)
[36692:33716:1227/180505.429:INFO:CONSOLE(255)] "Success handler completed in 13ms", source: https://incapsulate311-sat-dev-ed.my.salesforce.com/jslibrary/1539646802000/sfdc/Chatter.js (255)
[36692:33716:1227/180529.971:INFO:CONSOLE(359)] "refreshPrimaryTabById: Invalid ID: scc-st-2", source: https://incapsulate311-sat-dev-ed.my.salesforce.com/jslibrary/1539646802000/sfdc/ServiceDesk.js (359)
[36692:33716:1227/180531.473:INFO:CONSOLE(255)] "publisher core wiring started", source: https://incapsulate311-sat-dev-ed.my.salesforce.com/jslibrary/1539646802000/sfdc/Chatter.js (255)
[36692:33716:1227/180531.486:INFO:CONSOLE(255)] "publisher core wiring finished in 11ms", source: https://incapsulate311-sat-dev-ed.my.salesforce.com/jslibrary/1539646802000/sfdc/Chatter.js (255)
[36692:33716:1227/180531.505:INFO:CONSOLE(19)] "[CKEDITOR] Error code: editor-destroy-iframe.", source: https://incapsulate311-sat-dev-ed.my.salesforce.com/ckeditor/ckeditor-4.x/rel/ckeditor.js?t=4.5.7.16 (19)
[36692:33716:1227/180531.505:INFO:CONSOLE(19)] "[CKEDITOR] For more information about this error go to http://docs.ckeditor.com/#!/guide/dev_errors-section-editor-destroy-iframe", source: https://incapsulate311-sat-dev-ed.my.salesforce.com/ckeditor/ckeditor-4.x/rel/ckeditor.js?t=4.5.7.16 (19)
[36692:33716:1227/180531.892:INFO:CONSOLE(255)] "CEB EVENT! ns<chatter:publisher> en<onAfterFeedLoad> pld<[object Object]> exec-time<0>", source: https://incapsulate311-sat-dev-ed.my.salesforce.com/jslibrary/1539646802000/sfdc/Chatter.js (255)
[36692:33716:1227/180546.706:INFO:CONSOLE(173)] "The deviceorientation events are blocked by feature policy. See https://github.com/WICG/feature-policy/blob/master/features.md#sensor-features", source: https://maps.googleapis.com/maps/api/js?key=AIzaSyCWhPoBVVFhk7cCoEFXJNiZ3h_JTDI05ZY&callback=loaderCB01545914146031&libraries=places&v=3.29&language=en (173)
[36692:33716:1227/180547.008:INFO:CONSOLE(327)] "[esri.core.urlUtils]", source: https://js.arcgis.com/4.5/dojo/dojo.js (327)
[36692:33716:1227/180547.087:INFO:CONSOLE(327)] "[esri.core.urlUtils]", source: https://js.arcgis.com/4.5/dojo/dojo.js (327)
[36692:33716:1227/180547.216:INFO:CONSOLE(327)] "[esri.core.urlUtils]", source: https://js.arcgis.com/4.5/dojo/dojo.js (327)
[36692:33716:1227/180547.221:INFO:CONSOLE(327)] "[esri.core.urlUtils]", source: https://js.arcgis.com/4.5/dojo/dojo.js (327)
[36692:33716:1227/180547.593:INFO:CONSOLE(327)] "[esri.core.urlUtils]", source: https://js.arcgis.com/4.5/dojo/dojo.js (327)
[36692:33716:1227/180547.597:INFO:CONSOLE(327)] "[esri.core.urlUtils]", source: https://js.arcgis.com/4.5/dojo/dojo.js (327)
[36692:33716:1227/180547.962:INFO:CONSOLE(327)] "[esri.core.urlUtils]", source: https://js.arcgis.com/4.5/dojo/dojo.js (327)
[36692:33716:1227/180548.691:INFO:CONSOLE(327)] "[esri.core.urlUtils]", source: https://js.arcgis.com/4.5/dojo/dojo.js (327)
[36692:33716:1227/180551.427:INFO:CONSOLE(219)] "Google Maps JavaScript API warning: RetiredVersion https://developers.google.com/maps/documentation/javascript/error-messages#retired-version", source: https://maps.googleapis.com/maps-api-v3/api/js/35/6/util.js (219)
[36692:33716:1227/180609.560:INFO:CONSOLE(327)] "[esri.core.urlUtils]", source: https://js.arcgis.com/4.5/dojo/dojo.js (327)
[36692:33716:1227/180609.589:INFO:CONSOLE(327)] "[esri.core.urlUtils]", source: https://js.arcgis.com/4.5/dojo/dojo.js (327)
[36692:33716:1227/180609.950:INFO:CONSOLE(327)] "[esri.core.urlUtils]", source: https://js.arcgis.com/4.5/dojo/dojo.js (327)
[36692:33716:1227/180609.955:INFO:CONSOLE(327)] "[esri.core.urlUtils]", source: https://js.arcgis.com/4.5/dojo/dojo.js (327)
[36692:33716:1227/180610.330:INFO:CONSOLE(327)] "[esri.core.urlUtils]", source: https://js.arcgis.com/4.5/dojo/dojo.js (327)
[36692:33716:1227/180627.344:INFO:CONSOLE(327)] "[esri.core.urlUtils]", source: https://js.arcgis.com/4.5/dojo/dojo.js (327)
[36692:33716:1227/180641.420:INFO:CONSOLE(0)] "Invalid 'X-Frame-Options' header encountered when loading 'https://incapsulate311-sat-dev-ed.my.salesforce.com/support/console/highlightpanel.apexp?id=500f200001L8uCz&isdtp=vw&inContextPane=true&nonce=20045e035ef02893a5f292ba7131f405da089f73bf93c9108bd29a91a2e94c11&sfdcIFrameOrigin=https%3A%2F%2Fincapsulate311-sat-dev-ed.my.salesforce.com': 'ALLOW-FROM https://incapsulate311-sat-dev-ed.my.salesforce.com' is not a recognized directive. The header will be ignored.", source: https://incapsulate311-sat-dev-ed.my.salesforce.com/console?tsid=02uf2000001DGlj (0)
[36692:33716:1227/180641.681:INFO:CONSOLE(396)] "[HighlightPanel] Initialization started", source: https://incapsulate311-sat-dev-ed.my.salesforce.com/jslibrary/1543986924000/sfdc/main.js (396)
[36692:33716:1227/180641.683:INFO:CONSOLE(396)] "[HighlightPanel] Splitter created between panels LEFT (WEST) and CENTER (EAST).", source: https://incapsulate311-sat-dev-ed.my.salesforce.com/jslibrary/1543986924000/sfdc/main.js (396)
[36692:33716:1227/180641.684:INFO:CONSOLE(396)] "[HighlightPanel] Splitter created between panels CENTER (WEST) and RIGHT (EAST).", source: https://incapsulate311-sat-dev-ed.my.salesforce.com/jslibrary/1543986924000/sfdc/main.js (396)
[36692:33716:1227/180641.695:INFO:CONSOLE(396)] "[HighlightPanel] Initialization successful", source: https://incapsulate311-sat-dev-ed.my.salesforce.com/jslibrary/1543986924000/sfdc/main.js (396)
[36692:33716:1227/180641.707:INFO:CONSOLE(1)] "Uncaught SyntaxError: Unexpected token E in JSON at position 0", source: https://282nx.la4-c2-phx.salesforceliveagent.com/chat/rest/cdm?version=44 (1)
[36692:33716:1227/180641.712:INFO:CONSOLE(1)] "Uncaught SyntaxError: Unexpected token E in JSON at position 0", source: https://282nx.la4-c2-phx.salesforceliveagent.com/chat/rest/cdm?version=44 (1)
[36692:33716:1227/180644.050:INFO:CONSOLE(255)] "CEB EVENT! ns<chatter:feed> en<onAfterExpandedStateChange> pld<[object Object]> exec-time<0>", source: https://incapsulate311-sat-dev-ed.my.salesforce.com/jslibrary/1539646802000/sfdc/Chatter.js (255)
[36692:33716:1227/180644.089:INFO:CONSOLE(255)] "publisher core wiring started", source: https://incapsulate311-sat-dev-ed.my.salesforce.com/jslibrary/1539646802000/sfdc/Chatter.js (255)
[36692:33716:1227/180644.101:INFO:CONSOLE(255)] "publisher core wiring finished in 11ms", source: https://incapsulate311-sat-dev-ed.my.salesforce.com/jslibrary/1539646802000/sfdc/Chatter.js (255)
[36692:33716:1227/180645.607:INFO:CONSOLE(255)] "CEB EVENT! ns<chatter:publisher> en<onAfterFeedLoad> pld<[object Object]> exec-time<1>", source: https://incapsulate311-sat-dev-ed.my.salesforce.com/jslibrary/1539646802000/sfdc/Chatter.js (255)
[36692:33716:1227/180645.626:INFO:CONSOLE(397)] "ChatterHover: element not a link or wrapped in link or containing link. DomId:hoverItem132", source: https://incapsulate311-sat-dev-ed.my.salesforce.com/jslibrary/1543986924000/sfdc/main.js (397)
[36692:33716:1227/180645.667:INFO:CONSOLE(1)] "Uncaught SyntaxError: Unexpected token E in JSON at position 0", source: https://282nx.la4-c2-phx.salesforceliveagent.com/chat/rest/cdm?version=44 (1)
[36692:33716:1227/180645.668:INFO:CONSOLE(1)] "Uncaught SyntaxError: Unexpected token E in JSON at position 0", source: https://282nx.la4-c2-phx.salesforceliveagent.com/chat/rest/cdm?version=44 (1)
[36692:33716:1227/180645.669:INFO:CONSOLE(1)] "Uncaught SyntaxError: Unexpected token e in JSON at position 0", source: https://282nx.la4-c2-phx.salesforceliveagent.com/chat/rest/cdm?version=44 (1)
[36692:33716:1227/180645.670:INFO:CONSOLE(1)] "Uncaught SyntaxError: Unexpected token e in JSON at position 0", source: https://282nx.la4-c2-phx.salesforceliveagent.com/chat/rest/cdm?version=44 (1)
[36692:33716:1227/181155.719:INFO:CONSOLE(0)] "Slow network is detected. See https://www.chromestatus.com/feature/5636954674692096 for more details. Fallback font will be used while loading: https://incapsulate311-sat-dev-ed.my.salesforce.com/login/assets/fonts/SalesforceSans/SalesforceSans-Regular.woff2", source: https://incapsulate311-sat-dev-ed.my.salesforce.com/ (0)
[36692:33716:1227/181155.720:INFO:CONSOLE(0)] "Slow network is detected. See https://www.chromestatus.com/feature/5636954674692096 for more details. Fallback font will be used while loading: https://incapsulate311-sat-dev-ed.my.salesforce.com/login/assets/fonts/SalesforceSans/SalesforceSans-Light.woff2", source: https://incapsulate311-sat-dev-ed.my.salesforce.com/ (0)
[36692:33716:1227/181156.038:INFO:CONSOLE(1596)] "Slow network is detected. See https://www.chromestatus.com/feature/5636954674692096 for more details. Fallback font will be used while loading: https://c1.sfdcstatic.com/etc/clientlibs/sfdc-aem-master/clientlibs_base/fonts/SalesforceSans-Regular.woff", source: https://c1.sfdcstatic.com/etc/clientlibs/granite/jquery.min.a1b61eccd1f2b58b4221afee4dd310e6.js (1596)
[36692:33716:1227/181156.038:INFO:CONSOLE(1596)] "Slow network is detected. See https://www.chromestatus.com/feature/5636954674692096 for more details. Fallback font will be used while loading: https://c1.sfdcstatic.com/etc/clientlibs/sfdc-aem-master/clientlibs_base/fonts/SalesforceSans-Bold.woff", source: https://c1.sfdcstatic.com/etc/clientlibs/granite/jquery.min.a1b61eccd1f2b58b4221afee4dd310e6.js (1596)
[36692:33716:1227/181156.039:INFO:CONSOLE(1596)] "Slow network is detected. See https://www.chromestatus.com/feature/5636954674692096 for more details. Fallback font will be used while loading: https://c1.sfdcstatic.com/etc/clientlibs/sfdc-aem-master/clientlibs_base/fonts/SalesforceSans-Light.woff", source: https://c1.sfdcstatic.com/etc/clientlibs/granite/jquery.min.a1b61eccd1f2b58b4221afee4dd310e6.js (1596)
