[58684:55932:1231/140443.833:WARNING:chrome_command_line_pref_store.cc(119)] Additional command-line proxy switches specified when --no-proxy-server was also specified.
[58684:55932:1231/140443.842:WARNING:chrome_command_line_pref_store.cc(119)] Additional command-line proxy switches specified when --no-proxy-server was also specified.
[58684:55932:1231/140443.931:WARNING:chrome_command_line_pref_store.cc(119)] Additional command-line proxy switches specified when --no-proxy-server was also specified.
[58684:55932:1231/140444.456:WARNING:CONSOLE(0)] "HTML Imports is deprecated and will be removed in M73, around March 2019. Please use ES modules instead. See https://www.chromestatus.com/features/5144752345317376 for more details.", source:  (0)
[58684:55932:1231/140444.475:WARNING:CONSOLE(77)] "document.registerElement is deprecated and will be removed in M73, around March 2019. Please use window.customElements.define instead. See https://www.chromestatus.com/features/4642138092470272 for more details.", source: https://ssl.gstatic.com/chrome/components/doodle-notifier-02.html (77)
[58684:55932:1231/140447.526:INFO:CONSOLE(8)] "SW registered", source: https://www.google.com/_/chrome/newtab?ie=UTF-8 (8)
[58684:55932:1231/140453.179:INFO:CONSOLE(0)] "Slow network is detected. See https://www.chromestatus.com/feature/5636954674692096 for more details. Fallback font will be used while loading: https://incapsulate311-sat-dev-ed.my.salesforce.com/fonts/SalesforceSans/SalesforceSans-Regular.woff2", source: https://incapsulate311-sat-dev-ed.my.salesforce.com/console?tsid=02uf2000001DGlj (0)
[58684:55932:1231/140453.181:INFO:CONSOLE(0)] "Slow network is detected. See https://www.chromestatus.com/feature/5636954674692096 for more details. Fallback font will be used while loading: https://incapsulate311-sat-dev-ed.my.salesforce.com/fonts/feed/compactfeedicons.woff?cb1", source: https://incapsulate311-sat-dev-ed.my.salesforce.com/console?tsid=02uf2000001DGlj (0)
[58684:55932:1231/140453.265:INFO:CONSOLE(120)] "Slow network is detected. See https://www.chromestatus.com/feature/5636954674692096 for more details. Fallback font will be used while loading: https://incapsulate311-sat-dev-ed.my.salesforce.com/fonts/SalesforceSans/SalesforceSans-Bold.woff", source: https://incapsulate311-sat-dev-ed.my.salesforce.com/EXT/ext-3.3.3/ext.js (120)
[58684:55932:1231/140453.950:INFO:CONSOLE(255)] "XHR request POST /chatter/handlers/knowledgehome2/articleslist", source: https://incapsulate311-sat-dev-ed.my.salesforce.com/jslibrary/1539646802000/sfdc/Chatter.js (255)
[58684:55932:1231/140453.950:INFO:CONSOLE(255)] "Rewritten URL: /chatter/handlers/knowledgehome2/articleslist", source: https://incapsulate311-sat-dev-ed.my.salesforce.com/jslibrary/1539646802000/sfdc/Chatter.js (255)
[58684:55932:1231/140454.151:INFO:CONSOLE(0)] "Invalid 'X-Frame-Options' header encountered when loading 'https://incapsulate311-sat-dev-ed.my.salesforce.com/support/console/highlightpanel.apexp?id=500f200001L9SYN&isdtp=vw&inContextPane=true&nonce=da30cb17d26aee663cfbe724d2c57fad98957f77a91ca5d558de4072fdacad42&sfdcIFrameOrigin=https%3A%2F%2Fincapsulate311-sat-dev-ed.my.salesforce.com': 'ALLOW-FROM https://incapsulate311-sat-dev-ed.my.salesforce.com' is not a recognized directive. The header will be ignored.", source: https://incapsulate311-sat-dev-ed.my.salesforce.com/console?tsid=02uf2000001DGlj (0)
[58684:55932:1231/140454.279:INFO:CONSOLE(396)] "[HighlightPanel] Initialization started", source: https://incapsulate311-sat-dev-ed.my.salesforce.com/jslibrary/1543986924000/sfdc/main.js (396)
[58684:55932:1231/140454.283:INFO:CONSOLE(396)] "[HighlightPanel] Splitter created between panels LEFT (WEST) and CENTER (EAST).", source: https://incapsulate311-sat-dev-ed.my.salesforce.com/jslibrary/1543986924000/sfdc/main.js (396)
[58684:55932:1231/140454.284:INFO:CONSOLE(396)] "[HighlightPanel] Splitter created between panels CENTER (WEST) and RIGHT (EAST).", source: https://incapsulate311-sat-dev-ed.my.salesforce.com/jslibrary/1543986924000/sfdc/main.js (396)
[58684:55932:1231/140454.293:INFO:CONSOLE(396)] "[HighlightPanel] Initialization successful", source: https://incapsulate311-sat-dev-ed.my.salesforce.com/jslibrary/1543986924000/sfdc/main.js (396)
[58684:55932:1231/140454.551:INFO:CONSOLE(255)] "Request completed in 601ms", source: https://incapsulate311-sat-dev-ed.my.salesforce.com/jslibrary/1539646802000/sfdc/Chatter.js (255)
[58684:55932:1231/140454.567:INFO:CONSOLE(255)] "CEB EVENT! ns<articleList_kbOneTab> en<onRepaintArticleListingComplete> pld<> exec-time<0>", source: https://incapsulate311-sat-dev-ed.my.salesforce.com/jslibrary/1539646802000/sfdc/Chatter.js (255)
[58684:55932:1231/140454.567:INFO:CONSOLE(255)] "Success handler completed in 17ms", source: https://incapsulate311-sat-dev-ed.my.salesforce.com/jslibrary/1539646802000/sfdc/Chatter.js (255)
[58684:55932:1231/140455.029:INFO:CONSOLE(0)] "Slow network is detected. See https://www.chromestatus.com/feature/5636954674692096 for more details. Fallback font will be used while loading: https://incapsulate311-sat-dev-ed.my.salesforce.com/fonts/feed/compactfeedicons.woff", source: https://incapsulate311-sat-dev-ed.my.salesforce.com/500f200001L9SYN?isdtp=vw&isWsVw=true&isWsVw=true&nonce=da30cb17d26aee663cfbe724d2c57fad98957f77a91ca5d558de4072fdacad42&sfdcIFrameOrigin=https%3A%2F%2Fincapsulate311-sat-dev-ed.my.salesforce.com (0)
[58684:55932:1231/140455.198:INFO:CONSOLE(255)] "CEB EVENT! ns<chatter:feed> en<onAfterExpandedStateChange> pld<[object Object]> exec-time<0>", source: https://incapsulate311-sat-dev-ed.my.salesforce.com/jslibrary/1539646802000/sfdc/Chatter.js (255)
[58684:55932:1231/140455.333:INFO:CONSOLE(255)] "publisher core wiring started", source: https://incapsulate311-sat-dev-ed.my.salesforce.com/jslibrary/1539646802000/sfdc/Chatter.js (255)
[58684:55932:1231/140455.346:INFO:CONSOLE(255)] "publisher core wiring finished in 12ms", source: https://incapsulate311-sat-dev-ed.my.salesforce.com/jslibrary/1539646802000/sfdc/Chatter.js (255)
[58684:55932:1231/140455.354:INFO:CONSOLE(82)] "Uncaught TypeError: Cannot read property 'getComputedStyle' of undefined", source: https://incapsulate311-sat-dev-ed.my.salesforce.com/ckeditor/ckeditor-4.x/rel/ckeditor.js?t=4.5.7.16 (82)
[58684:55932:1231/140455.985:INFO:CONSOLE(359)] "openPrimaryTab: Opening a duplicate tab is not allowed.", source: https://incapsulate311-sat-dev-ed.my.salesforce.com/jslibrary/1539646802000/sfdc/ServiceDesk.js (359)
[58684:55932:1231/140455.997:INFO:CONSOLE(359)] "getEnclosingTabId: Cannot get view from frameId: ext-comp-1005", source: https://incapsulate311-sat-dev-ed.my.salesforce.com/jslibrary/1539646802000/sfdc/ServiceDesk.js (359)
[58684:55932:1231/140456.000:INFO:CONSOLE(51)] "Uncaught TypeError: sforce.console.refreshNavigationTab is not a function", source: https://incapsulate311-sat-dev-ed--c.na53.visual.force.com/apex/AgentConsoleRedirect?sfdc.tabName=01rf2000000vhSz&isdtp=nv&nonce=da30cb17d26aee663cfbe724d2c57fad98957f77a91ca5d558de4072fdacad42&sfdcIFrameOrigin=https%3A%2F%2Fincapsulate311-sat-dev-ed.my.salesforce.com (51)
[58684:55932:1231/140458.194:INFO:CONSOLE(255)] "CEB EVENT! ns<chatter:publisher> en<onAfterFeedLoad> pld<[object Object]> exec-time<1>", source: https://incapsulate311-sat-dev-ed.my.salesforce.com/jslibrary/1539646802000/sfdc/Chatter.js (255)
[58684:55932:1231/140458.209:INFO:CONSOLE(397)] "ChatterHover: element not a link or wrapped in link or containing link. DomId:hoverItem136", source: https://incapsulate311-sat-dev-ed.my.salesforce.com/jslibrary/1543986924000/sfdc/main.js (397)
[58684:55932:1231/140458.210:INFO:CONSOLE(397)] "ChatterHover: element not a link or wrapped in link or containing link. DomId:hoverItem141", source: https://incapsulate311-sat-dev-ed.my.salesforce.com/jslibrary/1543986924000/sfdc/main.js (397)
[58684:55932:1231/140506.525:INFO:CONSOLE(359)] "getEnclosingTabId: Cannot get view from frameId: ext-comp-1005", source: https://incapsulate311-sat-dev-ed.my.salesforce.com/jslibrary/1539646802000/sfdc/ServiceDesk.js (359)
[58684:55932:1231/140506.526:INFO:CONSOLE(51)] "Uncaught TypeError: sforce.console.refreshNavigationTab is not a function", source: https://incapsulate311-sat-dev-ed--c.na53.visual.force.com/apex/AgentConsoleRedirect?sfdc.tabName=01rf2000000vhSz&isdtp=nv&nonce=da30cb17d26aee663cfbe724d2c57fad98957f77a91ca5d558de4072fdacad42&sfdcIFrameOrigin=https%3A%2F%2Fincapsulate311-sat-dev-ed.my.salesforce.com (51)
[58684:55932:1231/140523.730:INFO:CONSOLE(173)] "The deviceorientation events are blocked by feature policy. See https://github.com/WICG/feature-policy/blob/master/features.md#sensor-features", source: https://maps.googleapis.com/maps/api/js?key=AIzaSyCWhPoBVVFhk7cCoEFXJNiZ3h_JTDI05ZY&callback=loaderCB01546245323357&libraries=places&v=3.29&language=en (173)
[58684:55932:1231/140524.346:INFO:CONSOLE(327)] "[esri.core.urlUtils]", source: https://js.arcgis.com/4.5/dojo/dojo.js (327)
[58684:55932:1231/140524.426:INFO:CONSOLE(327)] "[esri.core.urlUtils]", source: https://js.arcgis.com/4.5/dojo/dojo.js (327)
[58684:55932:1231/140524.498:INFO:CONSOLE(327)] "[esri.core.urlUtils]", source: https://js.arcgis.com/4.5/dojo/dojo.js (327)
[58684:55932:1231/140524.503:INFO:CONSOLE(327)] "[esri.core.urlUtils]", source: https://js.arcgis.com/4.5/dojo/dojo.js (327)
[58684:55932:1231/140524.868:INFO:CONSOLE(327)] "[esri.core.urlUtils]", source: https://js.arcgis.com/4.5/dojo/dojo.js (327)
[58684:55932:1231/140524.871:INFO:CONSOLE(327)] "[esri.core.urlUtils]", source: https://js.arcgis.com/4.5/dojo/dojo.js (327)
[58684:55932:1231/140525.250:INFO:CONSOLE(327)] "[esri.core.urlUtils]", source: https://js.arcgis.com/4.5/dojo/dojo.js (327)
[58684:55932:1231/140525.505:INFO:CONSOLE(327)] "[esri.core.urlUtils]", source: https://js.arcgis.com/4.5/dojo/dojo.js (327)
[58684:55932:1231/140528.608:INFO:CONSOLE(219)] "Google Maps JavaScript API warning: RetiredVersion https://developers.google.com/maps/documentation/javascript/error-messages#retired-version", source: https://maps.googleapis.com/maps-api-v3/api/js/35/6/util.js (219)
[58684:55932:1231/140547.616:INFO:CONSOLE(327)] "[esri.core.urlUtils]", source: https://js.arcgis.com/4.5/dojo/dojo.js (327)
[58684:55932:1231/140547.639:INFO:CONSOLE(327)] "[esri.core.urlUtils]", source: https://js.arcgis.com/4.5/dojo/dojo.js (327)
[58684:55932:1231/140547.959:INFO:CONSOLE(327)] "[esri.core.urlUtils]", source: https://js.arcgis.com/4.5/dojo/dojo.js (327)
[58684:55932:1231/140547.969:INFO:CONSOLE(327)] "[esri.core.urlUtils]", source: https://js.arcgis.com/4.5/dojo/dojo.js (327)
[58684:55932:1231/140548.333:INFO:CONSOLE(327)] "[esri.core.urlUtils]", source: https://js.arcgis.com/4.5/dojo/dojo.js (327)
[58684:55932:1231/140548.572:INFO:CONSOLE(327)] "[esri.core.urlUtils]", source: https://js.arcgis.com/4.5/dojo/dojo.js (327)
[58684:55932:1231/140555.366:INFO:CONSOLE(327)] "[esri.core.urlUtils]", source: https://js.arcgis.com/4.5/dojo/dojo.js (327)
[58684:55932:1231/140606.163:INFO:CONSOLE(60)] "Slow network is detected. See https://www.chromestatus.com/feature/5636954674692096 for more details. Fallback font will be used while loading: https://incapsulate311-sat-dev-ed.my.salesforce.com/fonts/SalesforceSans/SalesforceSans-Light.woff2", source: https://incapsulate311-sat-dev-ed.my.salesforce.com/EXT/ext-3.3.3/ext.js (60)
[58684:55932:1231/140606.534:INFO:CONSOLE(0)] "Invalid 'X-Frame-Options' header encountered when loading 'https://incapsulate311-sat-dev-ed.my.salesforce.com/support/console/highlightpanel.apexp?id=500f200001L9SYX&isdtp=vw&inContextPane=true&nonce=da30cb17d26aee663cfbe724d2c57fad98957f77a91ca5d558de4072fdacad42&sfdcIFrameOrigin=https%3A%2F%2Fincapsulate311-sat-dev-ed.my.salesforce.com': 'ALLOW-FROM https://incapsulate311-sat-dev-ed.my.salesforce.com' is not a recognized directive. The header will be ignored.", source: https://incapsulate311-sat-dev-ed.my.salesforce.com/console?tsid=02uf2000001DGlj (0)
[58684:55932:1231/140606.689:INFO:CONSOLE(396)] "[HighlightPanel] Initialization started", source: https://incapsulate311-sat-dev-ed.my.salesforce.com/jslibrary/1543986924000/sfdc/main.js (396)
[58684:55932:1231/140606.695:INFO:CONSOLE(396)] "[HighlightPanel] Splitter created between panels LEFT (WEST) and CENTER (EAST).", source: https://incapsulate311-sat-dev-ed.my.salesforce.com/jslibrary/1543986924000/sfdc/main.js (396)
[58684:55932:1231/140606.696:INFO:CONSOLE(396)] "[HighlightPanel] Splitter created between panels CENTER (WEST) and RIGHT (EAST).", source: https://incapsulate311-sat-dev-ed.my.salesforce.com/jslibrary/1543986924000/sfdc/main.js (396)
[58684:55932:1231/140606.708:INFO:CONSOLE(396)] "[HighlightPanel] Initialization successful", source: https://incapsulate311-sat-dev-ed.my.salesforce.com/jslibrary/1543986924000/sfdc/main.js (396)
[58684:55932:1231/140606.722:INFO:CONSOLE(1)] "Uncaught SyntaxError: Unexpected token E in JSON at position 0", source: https://2j9it.la4-c2-phx.salesforceliveagent.com/chat/rest/cdm?version=44 (1)
[58684:55932:1231/140606.727:INFO:CONSOLE(1)] "Uncaught SyntaxError: Unexpected token E in JSON at position 0", source: https://2j9it.la4-c2-phx.salesforceliveagent.com/chat/rest/cdm?version=44 (1)
[58684:55932:1231/140607.352:INFO:CONSOLE(255)] "CEB EVENT! ns<chatter:feed> en<onAfterExpandedStateChange> pld<[object Object]> exec-time<0>", source: https://incapsulate311-sat-dev-ed.my.salesforce.com/jslibrary/1539646802000/sfdc/Chatter.js (255)
[58684:55932:1231/140607.394:INFO:CONSOLE(255)] "publisher core wiring started", source: https://incapsulate311-sat-dev-ed.my.salesforce.com/jslibrary/1539646802000/sfdc/Chatter.js (255)
[58684:55932:1231/140607.403:INFO:CONSOLE(255)] "publisher core wiring finished in 7ms", source: https://incapsulate311-sat-dev-ed.my.salesforce.com/jslibrary/1539646802000/sfdc/Chatter.js (255)
[58684:55932:1231/140608.325:INFO:CONSOLE(255)] "CEB EVENT! ns<chatter:publisher> en<onAfterFeedLoad> pld<[object Object]> exec-time<1>", source: https://incapsulate311-sat-dev-ed.my.salesforce.com/jslibrary/1539646802000/sfdc/Chatter.js (255)
[58684:55932:1231/140608.345:INFO:CONSOLE(397)] "ChatterHover: element not a link or wrapped in link or containing link. DomId:hoverItem131", source: https://incapsulate311-sat-dev-ed.my.salesforce.com/jslibrary/1543986924000/sfdc/main.js (397)
[58684:55932:1231/140608.373:INFO:CONSOLE(1)] "Uncaught SyntaxError: Unexpected token E in JSON at position 0", source: https://2j9it.la4-c2-phx.salesforceliveagent.com/chat/rest/cdm?version=44 (1)
[58684:55932:1231/140608.374:INFO:CONSOLE(1)] "Uncaught SyntaxError: Unexpected token E in JSON at position 0", source: https://2j9it.la4-c2-phx.salesforceliveagent.com/chat/rest/cdm?version=44 (1)
[58684:55932:1231/140608.375:INFO:CONSOLE(1)] "Uncaught SyntaxError: Unexpected token e in JSON at position 0", source: https://2j9it.la4-c2-phx.salesforceliveagent.com/chat/rest/cdm?version=44 (1)
[58684:55932:1231/140608.375:INFO:CONSOLE(1)] "Uncaught SyntaxError: Unexpected token e in JSON at position 0", source: https://2j9it.la4-c2-phx.salesforceliveagent.com/chat/rest/cdm?version=44 (1)
[58684:55932:1231/140629.519:INFO:CONSOLE(0)] "Slow network is detected. See https://www.chromestatus.com/feature/5636954674692096 for more details. Fallback font will be used while loading: https://incapsulate311-sat-dev-ed.my.salesforce.com/login/assets/fonts/SalesforceSans/SalesforceSans-Regular.woff2", source: https://incapsulate311-sat-dev-ed.my.salesforce.com/ (0)
[58684:55932:1231/140629.519:INFO:CONSOLE(0)] "Slow network is detected. See https://www.chromestatus.com/feature/5636954674692096 for more details. Fallback font will be used while loading: https://incapsulate311-sat-dev-ed.my.salesforce.com/login/assets/fonts/SalesforceSans/SalesforceSans-Light.woff2", source: https://incapsulate311-sat-dev-ed.my.salesforce.com/ (0)
[58684:55932:1231/140630.349:INFO:CONSOLE(1596)] "Slow network is detected. See https://www.chromestatus.com/feature/5636954674692096 for more details. Fallback font will be used while loading: https://c1.sfdcstatic.com/etc/clientlibs/sfdc-aem-master/clientlibs_base/fonts/SalesforceSans-Regular.woff", source: https://c1.sfdcstatic.com/etc/clientlibs/granite/jquery.min.a1b61eccd1f2b58b4221afee4dd310e6.js (1596)
[58684:55932:1231/140630.349:INFO:CONSOLE(1596)] "Slow network is detected. See https://www.chromestatus.com/feature/5636954674692096 for more details. Fallback font will be used while loading: https://c1.sfdcstatic.com/etc/clientlibs/sfdc-aem-master/clientlibs_base/fonts/SalesforceSans-Bold.woff", source: https://c1.sfdcstatic.com/etc/clientlibs/granite/jquery.min.a1b61eccd1f2b58b4221afee4dd310e6.js (1596)
[58684:55932:1231/140630.351:INFO:CONSOLE(1596)] "Slow network is detected. See https://www.chromestatus.com/feature/5636954674692096 for more details. Fallback font will be used while loading: https://c1.sfdcstatic.com/etc/clientlibs/sfdc-aem-master/clientlibs_base/fonts/SalesforceSans-Light.woff", source: https://c1.sfdcstatic.com/etc/clientlibs/granite/jquery.min.a1b61eccd1f2b58b4221afee4dd310e6.js (1596)
