[57548:50884:1231/140040.766:WARNING:chrome_command_line_pref_store.cc(119)] Additional command-line proxy switches specified when --no-proxy-server was also specified.
[57548:50884:1231/140040.774:WARNING:chrome_command_line_pref_store.cc(119)] Additional command-line proxy switches specified when --no-proxy-server was also specified.
[57548:50884:1231/140040.863:WARNING:chrome_command_line_pref_store.cc(119)] Additional command-line proxy switches specified when --no-proxy-server was also specified.
[57548:50884:1231/140041.348:WARNING:CONSOLE(0)] "HTML Imports is deprecated and will be removed in M73, around March 2019. Please use ES modules instead. See https://www.chromestatus.com/features/5144752345317376 for more details.", source:  (0)
[57548:50884:1231/140041.361:WARNING:CONSOLE(77)] "document.registerElement is deprecated and will be removed in M73, around March 2019. Please use window.customElements.define instead. See https://www.chromestatus.com/features/4642138092470272 for more details.", source: https://ssl.gstatic.com/chrome/components/doodle-notifier-02.html (77)
[57548:50884:1231/140044.412:INFO:CONSOLE(8)] "SW registered", source: https://www.google.com/_/chrome/newtab?ie=UTF-8 (8)
[57548:50884:1231/140050.013:INFO:CONSOLE(0)] "Slow network is detected. See https://www.chromestatus.com/feature/5636954674692096 for more details. Fallback font will be used while loading: https://incapsulate311-sat-dev-ed.my.salesforce.com/fonts/SalesforceSans/SalesforceSans-Regular.woff2", source: https://incapsulate311-sat-dev-ed.my.salesforce.com/console?tsid=02uf2000001DGlj (0)
[57548:50884:1231/140050.014:INFO:CONSOLE(0)] "Slow network is detected. See https://www.chromestatus.com/feature/5636954674692096 for more details. Fallback font will be used while loading: https://incapsulate311-sat-dev-ed.my.salesforce.com/fonts/feed/compactfeedicons.woff?cb1", source: https://incapsulate311-sat-dev-ed.my.salesforce.com/console?tsid=02uf2000001DGlj (0)
[57548:50884:1231/140050.095:INFO:CONSOLE(120)] "Slow network is detected. See https://www.chromestatus.com/feature/5636954674692096 for more details. Fallback font will be used while loading: https://incapsulate311-sat-dev-ed.my.salesforce.com/fonts/SalesforceSans/SalesforceSans-Bold.woff", source: https://incapsulate311-sat-dev-ed.my.salesforce.com/EXT/ext-3.3.3/ext.js (120)
[57548:50884:1231/140050.587:INFO:CONSOLE(255)] "XHR request POST /chatter/handlers/knowledgehome2/articleslist", source: https://incapsulate311-sat-dev-ed.my.salesforce.com/jslibrary/1539646802000/sfdc/Chatter.js (255)
[57548:50884:1231/140050.587:INFO:CONSOLE(255)] "Rewritten URL: /chatter/handlers/knowledgehome2/articleslist", source: https://incapsulate311-sat-dev-ed.my.salesforce.com/jslibrary/1539646802000/sfdc/Chatter.js (255)
[57548:50884:1231/140051.093:INFO:CONSOLE(255)] "Request completed in 505ms", source: https://incapsulate311-sat-dev-ed.my.salesforce.com/jslibrary/1539646802000/sfdc/Chatter.js (255)
[57548:50884:1231/140051.114:INFO:CONSOLE(255)] "CEB EVENT! ns<articleList_kbOneTab> en<onRepaintArticleListingComplete> pld<> exec-time<1>", source: https://incapsulate311-sat-dev-ed.my.salesforce.com/jslibrary/1539646802000/sfdc/Chatter.js (255)
[57548:50884:1231/140051.114:INFO:CONSOLE(255)] "Success handler completed in 22ms", source: https://incapsulate311-sat-dev-ed.my.salesforce.com/jslibrary/1539646802000/sfdc/Chatter.js (255)
[57548:50884:1231/140103.249:INFO:CONSOLE(359)] "getEnclosingTabId: Cannot get view from frameId: ext-comp-1005", source: https://incapsulate311-sat-dev-ed.my.salesforce.com/jslibrary/1539646802000/sfdc/ServiceDesk.js (359)
[57548:50884:1231/140103.253:INFO:CONSOLE(51)] "Uncaught TypeError: sforce.console.refreshNavigationTab is not a function", source: https://incapsulate311-sat-dev-ed--c.na53.visual.force.com/apex/AgentConsoleRedirect?sfdc.tabName=01rf2000000vhSz&isdtp=nv&nonce=2161bc741d88e763cb7c30cfc9babe570dffb31c73597cc156ef67133e6c7b41&sfdcIFrameOrigin=https%3A%2F%2Fincapsulate311-sat-dev-ed.my.salesforce.com (51)
[57548:50884:1231/140225.648:INFO:CONSOLE(0)] "Slow network is detected. See https://www.chromestatus.com/feature/5636954674692096 for more details. Fallback font will be used while loading: https://incapsulate311-sat-dev-ed.my.salesforce.com/login/assets/fonts/SalesforceSans/SalesforceSans-Regular.woff2", source: https://incapsulate311-sat-dev-ed.my.salesforce.com/ (0)
[57548:50884:1231/140225.650:INFO:CONSOLE(0)] "Slow network is detected. See https://www.chromestatus.com/feature/5636954674692096 for more details. Fallback font will be used while loading: https://incapsulate311-sat-dev-ed.my.salesforce.com/login/assets/fonts/SalesforceSans/SalesforceSans-Light.woff2", source: https://incapsulate311-sat-dev-ed.my.salesforce.com/ (0)
[57548:50884:1231/140226.651:INFO:CONSOLE(1596)] "Slow network is detected. See https://www.chromestatus.com/feature/5636954674692096 for more details. Fallback font will be used while loading: https://c1.sfdcstatic.com/etc/clientlibs/sfdc-aem-master/clientlibs_base/fonts/SalesforceSans-Regular.woff", source: https://c1.sfdcstatic.com/etc/clientlibs/granite/jquery.min.a1b61eccd1f2b58b4221afee4dd310e6.js (1596)
[57548:50884:1231/140226.652:INFO:CONSOLE(1596)] "Slow network is detected. See https://www.chromestatus.com/feature/5636954674692096 for more details. Fallback font will be used while loading: https://c1.sfdcstatic.com/etc/clientlibs/sfdc-aem-master/clientlibs_base/fonts/SalesforceSans-Bold.woff", source: https://c1.sfdcstatic.com/etc/clientlibs/granite/jquery.min.a1b61eccd1f2b58b4221afee4dd310e6.js (1596)
[57548:50884:1231/140226.653:INFO:CONSOLE(1596)] "Slow network is detected. See https://www.chromestatus.com/feature/5636954674692096 for more details. Fallback font will be used while loading: https://c1.sfdcstatic.com/etc/clientlibs/sfdc-aem-master/clientlibs_base/fonts/SalesforceSans-Light.woff", source: https://c1.sfdcstatic.com/etc/clientlibs/granite/jquery.min.a1b61eccd1f2b58b4221afee4dd310e6.js (1596)
[57548:50884:1231/140229.672:WARNING:pref_notifier_impl.cc(23)] Pref observer found at shutdown.
[57548:50884:1231/140229.673:WARNING:pref_notifier_impl.cc(23)] Pref observer found at shutdown.
[57548:50884:1231/140229.673:WARNING:pref_notifier_impl.cc(23)] Pref observer found at shutdown.
