[56900:55996:1229/232046.372:WARNING:chrome_command_line_pref_store.cc(119)] Additional command-line proxy switches specified when --no-proxy-server was also specified.
[56900:55996:1229/232046.380:WARNING:chrome_command_line_pref_store.cc(119)] Additional command-line proxy switches specified when --no-proxy-server was also specified.
[56900:55996:1229/232046.469:WARNING:chrome_command_line_pref_store.cc(119)] Additional command-line proxy switches specified when --no-proxy-server was also specified.
[56900:55996:1229/232046.995:WARNING:CONSOLE(0)] "HTML Imports is deprecated and will be removed in M73, around March 2019. Please use ES modules instead. See https://www.chromestatus.com/features/5144752345317376 for more details.", source:  (0)
[56900:55996:1229/232047.008:WARNING:CONSOLE(77)] "document.registerElement is deprecated and will be removed in M73, around March 2019. Please use window.customElements.define instead. See https://www.chromestatus.com/features/4642138092470272 for more details.", source: https://ssl.gstatic.com/chrome/components/doodle-notifier-02.html (77)
[56900:55996:1229/232055.271:INFO:CONSOLE(0)] "Slow network is detected. See https://www.chromestatus.com/feature/5636954674692096 for more details. Fallback font will be used while loading: https://incapsulate311-sat-dev-ed.my.salesforce.com/fonts/SalesforceSans/SalesforceSans-Regular.woff2", source: https://incapsulate311-sat-dev-ed.my.salesforce.com/console?tsid=02uf2000001DGlj (0)
[56900:55996:1229/232055.275:INFO:CONSOLE(0)] "Slow network is detected. See https://www.chromestatus.com/feature/5636954674692096 for more details. Fallback font will be used while loading: https://incapsulate311-sat-dev-ed.my.salesforce.com/fonts/feed/compactfeedicons.woff?cb1", source: https://incapsulate311-sat-dev-ed.my.salesforce.com/console?tsid=02uf2000001DGlj (0)
[56900:55996:1229/232055.359:INFO:CONSOLE(120)] "Slow network is detected. See https://www.chromestatus.com/feature/5636954674692096 for more details. Fallback font will be used while loading: https://incapsulate311-sat-dev-ed.my.salesforce.com/fonts/SalesforceSans/SalesforceSans-Bold.woff", source: https://incapsulate311-sat-dev-ed.my.salesforce.com/EXT/ext-3.3.3/ext.js (120)
[56900:55996:1229/232056.065:INFO:CONSOLE(255)] "XHR request POST /chatter/handlers/knowledgehome2/articleslist", source: https://incapsulate311-sat-dev-ed.my.salesforce.com/jslibrary/1539646802000/sfdc/Chatter.js (255)
[56900:55996:1229/232056.065:INFO:CONSOLE(255)] "Rewritten URL: /chatter/handlers/knowledgehome2/articleslist", source: https://incapsulate311-sat-dev-ed.my.salesforce.com/jslibrary/1539646802000/sfdc/Chatter.js (255)
[56900:55996:1229/232056.275:INFO:CONSOLE(0)] "Invalid 'X-Frame-Options' header encountered when loading 'https://incapsulate311-sat-dev-ed.my.salesforce.com/support/console/highlightpanel.apexp?id=500f200001L9J6Z&isdtp=vw&inContextPane=true&nonce=834df4f44d5b50760449176042848ccf23c7bba099b67356b4a1988ce04684ec&sfdcIFrameOrigin=https%3A%2F%2Fincapsulate311-sat-dev-ed.my.salesforce.com': 'ALLOW-FROM https://incapsulate311-sat-dev-ed.my.salesforce.com' is not a recognized directive. The header will be ignored.", source: https://incapsulate311-sat-dev-ed.my.salesforce.com/console?tsid=02uf2000001DGlj (0)
[56900:55996:1229/232056.366:INFO:CONSOLE(396)] "[HighlightPanel] Initialization started", source: https://incapsulate311-sat-dev-ed.my.salesforce.com/jslibrary/1543986924000/sfdc/main.js (396)
[56900:55996:1229/232056.370:INFO:CONSOLE(396)] "[HighlightPanel] Splitter created between panels LEFT (WEST) and CENTER (EAST).", source: https://incapsulate311-sat-dev-ed.my.salesforce.com/jslibrary/1543986924000/sfdc/main.js (396)
[56900:55996:1229/232056.370:INFO:CONSOLE(396)] "[HighlightPanel] Splitter created between panels CENTER (WEST) and RIGHT (EAST).", source: https://incapsulate311-sat-dev-ed.my.salesforce.com/jslibrary/1543986924000/sfdc/main.js (396)
[56900:55996:1229/232056.378:INFO:CONSOLE(396)] "[HighlightPanel] Initialization successful", source: https://incapsulate311-sat-dev-ed.my.salesforce.com/jslibrary/1543986924000/sfdc/main.js (396)
[56900:55996:1229/232056.866:INFO:CONSOLE(255)] "Request completed in 801ms", source: https://incapsulate311-sat-dev-ed.my.salesforce.com/jslibrary/1539646802000/sfdc/Chatter.js (255)
[56900:55996:1229/232056.883:INFO:CONSOLE(255)] "CEB EVENT! ns<articleList_kbOneTab> en<onRepaintArticleListingComplete> pld<> exec-time<0>", source: https://incapsulate311-sat-dev-ed.my.salesforce.com/jslibrary/1539646802000/sfdc/Chatter.js (255)
[56900:55996:1229/232056.883:INFO:CONSOLE(255)] "Success handler completed in 17ms", source: https://incapsulate311-sat-dev-ed.my.salesforce.com/jslibrary/1539646802000/sfdc/Chatter.js (255)
[56900:55996:1229/232057.510:INFO:CONSOLE(255)] "CEB EVENT! ns<chatter:feed> en<onAfterExpandedStateChange> pld<[object Object]> exec-time<1>", source: https://incapsulate311-sat-dev-ed.my.salesforce.com/jslibrary/1539646802000/sfdc/Chatter.js (255)
[56900:55996:1229/232057.555:INFO:CONSOLE(255)] "publisher core wiring started", source: https://incapsulate311-sat-dev-ed.my.salesforce.com/jslibrary/1539646802000/sfdc/Chatter.js (255)
[56900:55996:1229/232057.563:INFO:CONSOLE(255)] "publisher core wiring finished in 9ms", source: https://incapsulate311-sat-dev-ed.my.salesforce.com/jslibrary/1539646802000/sfdc/Chatter.js (255)
[56900:55996:1229/232059.988:INFO:CONSOLE(1)] "Deprecation warning: value provided is not in a recognized RFC2822 or ISO format. moment construction falls back to js Date(), which is not reliable across all browsers and versions. Non RFC2822/ISO date formats are discouraged and will be removed in an upcoming major release. Please refer to http://momentjs.com/guides/#/warnings/js-date/ for more info.
Arguments: 
[0] _isAMomentObject: true, _isUTC: false, _useUTC: false, _l: undefined, _i: 12/29/2018 11:20 PM, _f: undefined, _strict: undefined, _locale: [object Object]
Error
    at Function.createFromInputFallback (https://incapsulate311-sat-dev-ed--incap311sc.na53.visual.force.com/resource/1545394260000/incap311sc__ConsoleBundle/vendor.js:1:619801)
    at configFromString (https://incapsulate311-sat-dev-ed--incap311sc.na53.visual.force.com/resource/1545394260000/incap311sc__ConsoleBundle/vendor.js:1:640563)
    at configFromInput (https://incapsulate311-sat-dev-ed--incap311sc.na53.visual.force.com/resource/1545394260000/incap311sc__ConsoleBundle/vendor.js:1:643037)
    at prepareConfig (https://incapsulate311-sat-dev-ed--incap311sc.na53.visual.force.com/resource/1545394260000/incap311sc__ConsoleBundle/vendor.js:1:642853)
    at createFromConfig (https://incapsulate311-sat-dev-ed--incap311sc.na53.visual.force.com/resource/1545394260000/incap311sc__ConsoleBundle/vendor.js:1:642452)
    at createLocalOrUTC (https://incapsulate311-sat-dev-ed--incap311sc.na53.visual.force.com/resource/1545394260000/incap311sc__ConsoleBundle/vendor.js:1:643468)
    at createLocal (https://incapsulate311-sat-dev-ed--incap311sc.na53.visual.force.com/resource/1545394260000/incap311sc__ConsoleBundle/vendor.js:1:643525)
    at hooks (https://incapsulate311-sat-dev-ed--incap311sc.na53.visual.force.com/resource/1545394260000/incap311sc__ConsoleBundle/vendor.js:1:616193)
    at DateTime.value (https://incapsulate311-sat-dev-ed--incap311sc.na53.visual.force.com/resource/1545394260000/incap311sc__ConsoleBundle/vendor.js:1:20819)
    at DateTime.value (https://incapsulate311-sat-dev-ed--incap311sc.na53.visual.force.com/resource/1545394260000/incap311sc__ConsoleBundle/vendor.js:1:20699)", source: https://incapsulate311-sat-dev-ed--incap311sc.na53.visual.force.com/resource/1545394260000/incap311sc__ConsoleBundle/vendor.js (1)
[56900:55996:1229/232100.729:INFO:CONSOLE(255)] "CEB EVENT! ns<chatter:publisher> en<onAfterFeedLoad> pld<[object Object]> exec-time<0>", source: https://incapsulate311-sat-dev-ed.my.salesforce.com/jslibrary/1539646802000/sfdc/Chatter.js (255)
[56900:55996:1229/232100.739:INFO:CONSOLE(397)] "ChatterHover: element not a link or wrapped in link or containing link. DomId:hoverItem132", source: https://incapsulate311-sat-dev-ed.my.salesforce.com/jslibrary/1543986924000/sfdc/main.js (397)
[56900:55996:1229/232100.930:INFO:CONSOLE(173)] "The deviceorientation events are blocked by feature policy. See https://github.com/WICG/feature-policy/blob/master/features.md#sensor-features", source: https://maps.googleapis.com/maps/api/js?key=AIzaSyCWhPoBVVFhk7cCoEFXJNiZ3h_JTDI05ZY&callback=loaderCB01546105860019&libraries=places&v=3.29&language=en (173)
[56900:55996:1229/232101.079:INFO:CONSOLE(0)] "Invalid 'X-Frame-Options' header encountered when loading 'https://incapsulate311-sat-dev-ed.my.salesforce.com/support/console/highlightpanel.apexp?id=500f200001L9J6Z&isdtp=vw&inContextPane=true&nonce=834df4f44d5b50760449176042848ccf23c7bba099b67356b4a1988ce04684ec&sfdcIFrameOrigin=https%3A%2F%2Fincapsulate311-sat-dev-ed.my.salesforce.com': 'ALLOW-FROM https://incapsulate311-sat-dev-ed.my.salesforce.com' is not a recognized directive. The header will be ignored.", source: https://incapsulate311-sat-dev-ed.my.salesforce.com/console?tsid=02uf2000001DGlj (0)
[56900:55996:1229/232101.175:INFO:CONSOLE(396)] "[HighlightPanel] Initialization started", source: https://incapsulate311-sat-dev-ed.my.salesforce.com/jslibrary/1543986924000/sfdc/main.js (396)
[56900:55996:1229/232101.176:INFO:CONSOLE(396)] "[HighlightPanel] Splitter created between panels LEFT (WEST) and CENTER (EAST).", source: https://incapsulate311-sat-dev-ed.my.salesforce.com/jslibrary/1543986924000/sfdc/main.js (396)
[56900:55996:1229/232101.177:INFO:CONSOLE(396)] "[HighlightPanel] Splitter created between panels CENTER (WEST) and RIGHT (EAST).", source: https://incapsulate311-sat-dev-ed.my.salesforce.com/jslibrary/1543986924000/sfdc/main.js (396)
[56900:55996:1229/232101.181:INFO:CONSOLE(396)] "[HighlightPanel] Initialization successful", source: https://incapsulate311-sat-dev-ed.my.salesforce.com/jslibrary/1543986924000/sfdc/main.js (396)
[56900:55996:1229/232104.214:INFO:CONSOLE(60)] "Slow network is detected. See https://www.chromestatus.com/feature/5636954674692096 for more details. Fallback font will be used while loading: https://incapsulate311-sat-dev-ed.my.salesforce.com/fonts/feed/compactfeedicons.woff", source: https://incapsulate311-sat-dev-ed.my.salesforce.com/EXT/ext-3.3.3/ext.js (60)
[56900:55996:1229/232104.328:INFO:CONSOLE(3)] "Slow network is detected. See https://www.chromestatus.com/feature/5636954674692096 for more details. Fallback font will be used while loading: https://incapsulate311-sat-dev-ed.my.salesforce.com/fonts/feed/compactfeedicons.ttf", source: https://incapsulate311-sat-dev-ed.my.salesforce.com/auraFW/javascript/Q1gM3S0wOM4nbTlY5dSyvA/aura_prod.js (3)
[56900:55996:1229/232122.065:INFO:CONSOLE(359)] "refreshPrimaryTabById: Invalid ID: scc-st-3", source: https://incapsulate311-sat-dev-ed.my.salesforce.com/jslibrary/1539646802000/sfdc/ServiceDesk.js (359)
[56900:55996:1229/232123.293:INFO:CONSOLE(255)] "publisher core wiring started", source: https://incapsulate311-sat-dev-ed.my.salesforce.com/jslibrary/1539646802000/sfdc/Chatter.js (255)
[56900:55996:1229/232123.300:INFO:CONSOLE(255)] "publisher core wiring finished in 4ms", source: https://incapsulate311-sat-dev-ed.my.salesforce.com/jslibrary/1539646802000/sfdc/Chatter.js (255)
[56900:55996:1229/232123.836:INFO:CONSOLE(255)] "CEB EVENT! ns<chatter:publisher> en<onAfterFeedLoad> pld<[object Object]> exec-time<0>", source: https://incapsulate311-sat-dev-ed.my.salesforce.com/jslibrary/1539646802000/sfdc/Chatter.js (255)
[56900:55996:1229/232136.251:INFO:CONSOLE(173)] "The deviceorientation events are blocked by feature policy. See https://github.com/WICG/feature-policy/blob/master/features.md#sensor-features", source: https://maps.googleapis.com/maps/api/js?key=AIzaSyCWhPoBVVFhk7cCoEFXJNiZ3h_JTDI05ZY&callback=loaderCB01546105895677&libraries=places&v=3.29&language=en (173)
[56900:55996:1229/232137.042:INFO:CONSOLE(327)] "[esri.core.urlUtils]", source: https://js.arcgis.com/4.5/dojo/dojo.js (327)
[56900:55996:1229/232137.115:INFO:CONSOLE(327)] "[esri.core.urlUtils]", source: https://js.arcgis.com/4.5/dojo/dojo.js (327)
[56900:55996:1229/232137.186:INFO:CONSOLE(327)] "[esri.core.urlUtils]", source: https://js.arcgis.com/4.5/dojo/dojo.js (327)
[56900:55996:1229/232137.189:INFO:CONSOLE(327)] "[esri.core.urlUtils]", source: https://js.arcgis.com/4.5/dojo/dojo.js (327)
[56900:55996:1229/232137.564:INFO:CONSOLE(327)] "[esri.core.urlUtils]", source: https://js.arcgis.com/4.5/dojo/dojo.js (327)
[56900:55996:1229/232137.567:INFO:CONSOLE(327)] "[esri.core.urlUtils]", source: https://js.arcgis.com/4.5/dojo/dojo.js (327)
[56900:55996:1229/232137.930:INFO:CONSOLE(327)] "[esri.core.urlUtils]", source: https://js.arcgis.com/4.5/dojo/dojo.js (327)
[56900:55996:1229/232138.191:INFO:CONSOLE(327)] "[esri.core.urlUtils]", source: https://js.arcgis.com/4.5/dojo/dojo.js (327)
[56900:55996:1229/232141.139:INFO:CONSOLE(219)] "Google Maps JavaScript API warning: RetiredVersion https://developers.google.com/maps/documentation/javascript/error-messages#retired-version", source: https://maps.googleapis.com/maps-api-v3/api/js/35/6/util.js (219)
[56900:55996:1229/232201.580:INFO:CONSOLE(327)] "[esri.core.urlUtils]", source: https://js.arcgis.com/4.5/dojo/dojo.js (327)
[56900:55996:1229/232201.603:INFO:CONSOLE(327)] "[esri.core.urlUtils]", source: https://js.arcgis.com/4.5/dojo/dojo.js (327)
[56900:55996:1229/232201.783:INFO:CONSOLE(327)] "[esri.core.urlUtils]", source: https://js.arcgis.com/4.5/dojo/dojo.js (327)
[56900:55996:1229/232201.786:INFO:CONSOLE(327)] "[esri.core.urlUtils]", source: https://js.arcgis.com/4.5/dojo/dojo.js (327)
[56900:55996:1229/232202.167:INFO:CONSOLE(327)] "[esri.core.urlUtils]", source: https://js.arcgis.com/4.5/dojo/dojo.js (327)
[56900:55996:1229/232202.625:INFO:CONSOLE(327)] "[esri.core.urlUtils]", source: https://js.arcgis.com/4.5/dojo/dojo.js (327)
[56900:55996:1229/232212.489:INFO:CONSOLE(327)] "[esri.core.urlUtils]", source: https://js.arcgis.com/4.5/dojo/dojo.js (327)
[56900:55996:1229/232253.730:INFO:CONSOLE(60)] "Slow network is detected. See https://www.chromestatus.com/feature/5636954674692096 for more details. Fallback font will be used while loading: https://incapsulate311-sat-dev-ed.my.salesforce.com/fonts/SalesforceSans/SalesforceSans-Light.woff2", source: https://incapsulate311-sat-dev-ed.my.salesforce.com/EXT/ext-3.3.3/ext.js (60)
[56900:55996:1229/232254.339:INFO:CONSOLE(0)] "Invalid 'X-Frame-Options' header encountered when loading 'https://incapsulate311-sat-dev-ed.my.salesforce.com/support/console/highlightpanel.apexp?id=500f200001L9J8u&isdtp=vw&inContextPane=true&nonce=834df4f44d5b50760449176042848ccf23c7bba099b67356b4a1988ce04684ec&sfdcIFrameOrigin=https%3A%2F%2Fincapsulate311-sat-dev-ed.my.salesforce.com': 'ALLOW-FROM https://incapsulate311-sat-dev-ed.my.salesforce.com' is not a recognized directive. The header will be ignored.", source: https://incapsulate311-sat-dev-ed.my.salesforce.com/console?tsid=02uf2000001DGlj (0)
[56900:55996:1229/232254.504:INFO:CONSOLE(396)] "[HighlightPanel] Initialization started", source: https://incapsulate311-sat-dev-ed.my.salesforce.com/jslibrary/1543986924000/sfdc/main.js (396)
[56900:55996:1229/232254.508:INFO:CONSOLE(396)] "[HighlightPanel] Splitter created between panels LEFT (WEST) and CENTER (EAST).", source: https://incapsulate311-sat-dev-ed.my.salesforce.com/jslibrary/1543986924000/sfdc/main.js (396)
[56900:55996:1229/232254.508:INFO:CONSOLE(396)] "[HighlightPanel] Splitter created between panels CENTER (WEST) and RIGHT (EAST).", source: https://incapsulate311-sat-dev-ed.my.salesforce.com/jslibrary/1543986924000/sfdc/main.js (396)
[56900:55996:1229/232254.516:INFO:CONSOLE(396)] "[HighlightPanel] Initialization successful", source: https://incapsulate311-sat-dev-ed.my.salesforce.com/jslibrary/1543986924000/sfdc/main.js (396)
[56900:55996:1229/232254.533:INFO:CONSOLE(1)] "Uncaught SyntaxError: Unexpected token E in JSON at position 0", source: https://2f6z5.la4-c2-phx.salesforceliveagent.com/chat/rest/cdm?version=44 (1)
[56900:55996:1229/232254.536:INFO:CONSOLE(1)] "Uncaught SyntaxError: Unexpected token E in JSON at position 0", source: https://2f6z5.la4-c2-phx.salesforceliveagent.com/chat/rest/cdm?version=44 (1)
[56900:55996:1229/232255.050:INFO:CONSOLE(0)] "Slow network is detected. See https://www.chromestatus.com/feature/5636954674692096 for more details. Fallback font will be used while loading: https://incapsulate311-sat-dev-ed.my.salesforce.com/fonts/feed/compactfeedicons.woff", source: https://incapsulate311-sat-dev-ed.my.salesforce.com/500f200001L9J8u?isdtp=vw&isWsVw=true&nonce=834df4f44d5b50760449176042848ccf23c7bba099b67356b4a1988ce04684ec&sfdcIFrameOrigin=https%3A%2F%2Fincapsulate311-sat-dev-ed.my.salesforce.com (0)
[56900:55996:1229/232255.321:INFO:CONSOLE(255)] "CEB EVENT! ns<chatter:feed> en<onAfterExpandedStateChange> pld<[object Object]> exec-time<0>", source: https://incapsulate311-sat-dev-ed.my.salesforce.com/jslibrary/1539646802000/sfdc/Chatter.js (255)
[56900:55996:1229/232255.364:INFO:CONSOLE(255)] "publisher core wiring started", source: https://incapsulate311-sat-dev-ed.my.salesforce.com/jslibrary/1539646802000/sfdc/Chatter.js (255)
[56900:55996:1229/232255.372:INFO:CONSOLE(255)] "publisher core wiring finished in 8ms", source: https://incapsulate311-sat-dev-ed.my.salesforce.com/jslibrary/1539646802000/sfdc/Chatter.js (255)
[56900:55996:1229/232258.333:INFO:CONSOLE(255)] "CEB EVENT! ns<chatter:publisher> en<onAfterFeedLoad> pld<[object Object]> exec-time<1>", source: https://incapsulate311-sat-dev-ed.my.salesforce.com/jslibrary/1539646802000/sfdc/Chatter.js (255)
[56900:55996:1229/232258.353:INFO:CONSOLE(397)] "ChatterHover: element not a link or wrapped in link or containing link. DomId:hoverItem132", source: https://incapsulate311-sat-dev-ed.my.salesforce.com/jslibrary/1543986924000/sfdc/main.js (397)
[56900:55996:1229/232258.386:INFO:CONSOLE(1)] "Uncaught SyntaxError: Unexpected token E in JSON at position 0", source: https://2f6z5.la4-c2-phx.salesforceliveagent.com/chat/rest/cdm?version=44 (1)
[56900:55996:1229/232258.388:INFO:CONSOLE(1)] "Uncaught SyntaxError: Unexpected token E in JSON at position 0", source: https://2f6z5.la4-c2-phx.salesforceliveagent.com/chat/rest/cdm?version=44 (1)
[56900:55996:1229/232258.389:INFO:CONSOLE(1)] "Uncaught SyntaxError: Unexpected token e in JSON at position 0", source: https://2f6z5.la4-c2-phx.salesforceliveagent.com/chat/rest/cdm?version=44 (1)
[56900:55996:1229/232258.389:INFO:CONSOLE(1)] "Uncaught SyntaxError: Unexpected token e in JSON at position 0", source: https://2f6z5.la4-c2-phx.salesforceliveagent.com/chat/rest/cdm?version=44 (1)
[56900:55996:1229/232312.420:INFO:CONSOLE(359)] "refreshSubtabByNameAndWorkspaceId: Invalid Name: update-18-00004745", source: https://incapsulate311-sat-dev-ed.my.salesforce.com/jslibrary/1539646802000/sfdc/ServiceDesk.js (359)
[56900:55996:1229/232317.069:INFO:CONSOLE(1)] "uncaught at loadExistingRequestData", source: https://incapsulate311-sat-dev-ed--incap311sc.na53.visual.force.com/resource/1545394260000/incap311sc__ConsoleBundle/vendor.js (1)
[56900:55996:1229/232339.282:INFO:CONSOLE(173)] "The deviceorientation events are blocked by feature policy. See https://github.com/WICG/feature-policy/blob/master/features.md#sensor-features", source: https://maps.googleapis.com/maps/api/js?key=AIzaSyCWhPoBVVFhk7cCoEFXJNiZ3h_JTDI05ZY&callback=loaderCB01546106018571&libraries=places&v=3.29&language=en (173)
[56900:55996:1229/232340.051:INFO:CONSOLE(327)] "[esri.core.urlUtils]", source: https://js.arcgis.com/4.5/dojo/dojo.js (327)
[56900:55996:1229/232340.123:INFO:CONSOLE(327)] "[esri.core.urlUtils]", source: https://js.arcgis.com/4.5/dojo/dojo.js (327)
[56900:55996:1229/232340.124:INFO:CONSOLE(327)] "[esri.core.urlUtils]", source: https://js.arcgis.com/4.5/dojo/dojo.js (327)
[56900:55996:1229/232340.125:INFO:CONSOLE(327)] "[esri.core.urlUtils]", source: https://js.arcgis.com/4.5/dojo/dojo.js (327)
[56900:55996:1229/232340.186:INFO:CONSOLE(327)] "[esri.core.urlUtils]", source: https://js.arcgis.com/4.5/dojo/dojo.js (327)
[56900:55996:1229/232340.679:INFO:CONSOLE(327)] "[esri.core.urlUtils]", source: https://js.arcgis.com/4.5/dojo/dojo.js (327)
[56900:55996:1229/232340.762:INFO:CONSOLE(327)] "[esri.core.urlUtils]", source: https://js.arcgis.com/4.5/dojo/dojo.js (327)
[56900:55996:1229/232340.848:INFO:CONSOLE(327)] "[esri.core.urlUtils]", source: https://js.arcgis.com/4.5/dojo/dojo.js (327)
[56900:55996:1229/232340.852:INFO:CONSOLE(327)] "[esri.core.urlUtils]", source: https://js.arcgis.com/4.5/dojo/dojo.js (327)
[56900:55996:1229/232341.358:INFO:CONSOLE(327)] "[esri.core.urlUtils]", source: https://js.arcgis.com/4.5/dojo/dojo.js (327)
[56900:55996:1229/232344.087:INFO:CONSOLE(219)] "Google Maps JavaScript API warning: RetiredVersion https://developers.google.com/maps/documentation/javascript/error-messages#retired-version", source: https://maps.googleapis.com/maps-api-v3/api/js/35/6/util.js (219)
[56900:55996:1229/232350.789:INFO:CONSOLE(327)] "[esri.core.urlUtils]", source: https://js.arcgis.com/4.5/dojo/dojo.js (327)
[56900:55996:1229/232414.123:INFO:CONSOLE(0)] "Slow network is detected. See https://www.chromestatus.com/feature/5636954674692096 for more details. Fallback font will be used while loading: https://incapsulate311-sat-dev-ed.my.salesforce.com/login/assets/fonts/SalesforceSans/SalesforceSans-Regular.woff2", source: https://incapsulate311-sat-dev-ed.my.salesforce.com/ (0)
[56900:55996:1229/232414.124:INFO:CONSOLE(0)] "Slow network is detected. See https://www.chromestatus.com/feature/5636954674692096 for more details. Fallback font will be used while loading: https://incapsulate311-sat-dev-ed.my.salesforce.com/login/assets/fonts/SalesforceSans/SalesforceSans-Light.woff2", source: https://incapsulate311-sat-dev-ed.my.salesforce.com/ (0)
[56900:55996:1229/232414.409:INFO:CONSOLE(1596)] "Slow network is detected. See https://www.chromestatus.com/feature/5636954674692096 for more details. Fallback font will be used while loading: https://c1.sfdcstatic.com/etc/clientlibs/sfdc-aem-master/clientlibs_base/fonts/SalesforceSans-Regular.woff", source: https://c1.sfdcstatic.com/etc/clientlibs/granite/jquery.min.a1b61eccd1f2b58b4221afee4dd310e6.js (1596)
[56900:55996:1229/232414.409:INFO:CONSOLE(1596)] "Slow network is detected. See https://www.chromestatus.com/feature/5636954674692096 for more details. Fallback font will be used while loading: https://c1.sfdcstatic.com/etc/clientlibs/sfdc-aem-master/clientlibs_base/fonts/SalesforceSans-Bold.woff", source: https://c1.sfdcstatic.com/etc/clientlibs/granite/jquery.min.a1b61eccd1f2b58b4221afee4dd310e6.js (1596)
[56900:55996:1229/232414.410:INFO:CONSOLE(1596)] "Slow network is detected. See https://www.chromestatus.com/feature/5636954674692096 for more details. Fallback font will be used while loading: https://c1.sfdcstatic.com/etc/clientlibs/sfdc-aem-master/clientlibs_base/fonts/SalesforceSans-Light.woff", source: https://c1.sfdcstatic.com/etc/clientlibs/granite/jquery.min.a1b61eccd1f2b58b4221afee4dd310e6.js (1596)
[56900:55996:1229/232417.285:WARNING:pref_notifier_impl.cc(23)] Pref observer found at shutdown.
[56900:55996:1229/232417.285:WARNING:pref_notifier_impl.cc(23)] Pref observer found at shutdown.
[56900:55996:1229/232417.285:WARNING:pref_notifier_impl.cc(23)] Pref observer found at shutdown.
