[44668:56572:1231/135627.998:WARNING:chrome_command_line_pref_store.cc(119)] Additional command-line proxy switches specified when --no-proxy-server was also specified.
[44668:56572:1231/135628.006:WARNING:chrome_command_line_pref_store.cc(119)] Additional command-line proxy switches specified when --no-proxy-server was also specified.
[44668:56572:1231/135628.096:WARNING:chrome_command_line_pref_store.cc(119)] Additional command-line proxy switches specified when --no-proxy-server was also specified.
[44668:56572:1231/135628.621:WARNING:CONSOLE(0)] "HTML Imports is deprecated and will be removed in M73, around March 2019. Please use ES modules instead. See https://www.chromestatus.com/features/5144752345317376 for more details.", source:  (0)
[44668:56572:1231/135628.631:WARNING:CONSOLE(77)] "document.registerElement is deprecated and will be removed in M73, around March 2019. Please use window.customElements.define instead. See https://www.chromestatus.com/features/4642138092470272 for more details.", source: https://ssl.gstatic.com/chrome/components/doodle-notifier-02.html (77)
[44668:56572:1231/135633.679:INFO:CONSOLE(8)] "SW registered", source: https://www.google.com/_/chrome/newtab?ie=UTF-8 (8)
[44668:56572:1231/135638.549:INFO:CONSOLE(255)] "XHR request POST /chatter/handlers/knowledgehome2/articleslist", source: https://incapsulate311-sat-dev-ed.my.salesforce.com/jslibrary/1539646802000/sfdc/Chatter.js (255)
[44668:56572:1231/135638.550:INFO:CONSOLE(255)] "Rewritten URL: /chatter/handlers/knowledgehome2/articleslist", source: https://incapsulate311-sat-dev-ed.my.salesforce.com/jslibrary/1539646802000/sfdc/Chatter.js (255)
[44668:56572:1231/135638.760:INFO:CONSOLE(0)] "Invalid 'X-Frame-Options' header encountered when loading 'https://incapsulate311-sat-dev-ed.my.salesforce.com/support/console/highlightpanel.apexp?id=500f200001L9SXU&isdtp=vw&inContextPane=true&nonce=edc620b0e34e325aa974a92b1f9508fcb14da0458563d63c6b6a6d79c7711376&sfdcIFrameOrigin=https%3A%2F%2Fincapsulate311-sat-dev-ed.my.salesforce.com': 'ALLOW-FROM https://incapsulate311-sat-dev-ed.my.salesforce.com' is not a recognized directive. The header will be ignored.", source: https://incapsulate311-sat-dev-ed.my.salesforce.com/console?tsid=02uf2000001DGlj (0)
[44668:56572:1231/135638.847:INFO:CONSOLE(396)] "[HighlightPanel] Initialization started", source: https://incapsulate311-sat-dev-ed.my.salesforce.com/jslibrary/1543986924000/sfdc/main.js (396)
[44668:56572:1231/135638.852:INFO:CONSOLE(396)] "[HighlightPanel] Splitter created between panels LEFT (WEST) and CENTER (EAST).", source: https://incapsulate311-sat-dev-ed.my.salesforce.com/jslibrary/1543986924000/sfdc/main.js (396)
[44668:56572:1231/135638.852:INFO:CONSOLE(396)] "[HighlightPanel] Splitter created between panels CENTER (WEST) and RIGHT (EAST).", source: https://incapsulate311-sat-dev-ed.my.salesforce.com/jslibrary/1543986924000/sfdc/main.js (396)
[44668:56572:1231/135638.860:INFO:CONSOLE(396)] "[HighlightPanel] Initialization successful", source: https://incapsulate311-sat-dev-ed.my.salesforce.com/jslibrary/1543986924000/sfdc/main.js (396)
[44668:56572:1231/135639.003:INFO:CONSOLE(255)] "Request completed in 452ms", source: https://incapsulate311-sat-dev-ed.my.salesforce.com/jslibrary/1539646802000/sfdc/Chatter.js (255)
[44668:56572:1231/135639.023:INFO:CONSOLE(255)] "CEB EVENT! ns<articleList_kbOneTab> en<onRepaintArticleListingComplete> pld<> exec-time<0>", source: https://incapsulate311-sat-dev-ed.my.salesforce.com/jslibrary/1539646802000/sfdc/Chatter.js (255)
[44668:56572:1231/135639.023:INFO:CONSOLE(255)] "Success handler completed in 19ms", source: https://incapsulate311-sat-dev-ed.my.salesforce.com/jslibrary/1539646802000/sfdc/Chatter.js (255)
[44668:56572:1231/135639.973:INFO:CONSOLE(255)] "CEB EVENT! ns<chatter:feed> en<onAfterExpandedStateChange> pld<[object Object]> exec-time<0>", source: https://incapsulate311-sat-dev-ed.my.salesforce.com/jslibrary/1539646802000/sfdc/Chatter.js (255)
[44668:56572:1231/135640.019:INFO:CONSOLE(255)] "publisher core wiring started", source: https://incapsulate311-sat-dev-ed.my.salesforce.com/jslibrary/1539646802000/sfdc/Chatter.js (255)
[44668:56572:1231/135640.029:INFO:CONSOLE(255)] "publisher core wiring finished in 9ms", source: https://incapsulate311-sat-dev-ed.my.salesforce.com/jslibrary/1539646802000/sfdc/Chatter.js (255)
[44668:56572:1231/135642.364:INFO:CONSOLE(255)] "CEB EVENT! ns<chatter:publisher> en<onAfterFeedLoad> pld<[object Object]> exec-time<0>", source: https://incapsulate311-sat-dev-ed.my.salesforce.com/jslibrary/1539646802000/sfdc/Chatter.js (255)
[44668:56572:1231/135642.376:INFO:CONSOLE(397)] "ChatterHover: element not a link or wrapped in link or containing link. DomId:hoverItem157", source: https://incapsulate311-sat-dev-ed.my.salesforce.com/jslibrary/1543986924000/sfdc/main.js (397)
[44668:56572:1231/135642.377:INFO:CONSOLE(397)] "ChatterHover: element not a link or wrapped in link or containing link. DomId:hoverItem162", source: https://incapsulate311-sat-dev-ed.my.salesforce.com/jslibrary/1543986924000/sfdc/main.js (397)
[44668:56572:1231/135642.377:INFO:CONSOLE(397)] "ChatterHover: element not a link or wrapped in link or containing link. DomId:hoverItem167", source: https://incapsulate311-sat-dev-ed.my.salesforce.com/jslibrary/1543986924000/sfdc/main.js (397)
[44668:56572:1231/135642.378:INFO:CONSOLE(397)] "ChatterHover: element not a link or wrapped in link or containing link. DomId:hoverItem172", source: https://incapsulate311-sat-dev-ed.my.salesforce.com/jslibrary/1543986924000/sfdc/main.js (397)
[44668:56572:1231/135642.378:INFO:CONSOLE(397)] "ChatterHover: element not a link or wrapped in link or containing link. DomId:hoverItem177", source: https://incapsulate311-sat-dev-ed.my.salesforce.com/jslibrary/1543986924000/sfdc/main.js (397)
[44668:56572:1231/135642.379:INFO:CONSOLE(397)] "ChatterHover: element not a link or wrapped in link or containing link. DomId:hoverItem182", source: https://incapsulate311-sat-dev-ed.my.salesforce.com/jslibrary/1543986924000/sfdc/main.js (397)
[44668:56572:1231/135908.613:INFO:CONSOLE(359)] "refreshPrimaryTabById: Invalid ID: scc-st-2", source: https://incapsulate311-sat-dev-ed.my.salesforce.com/jslibrary/1539646802000/sfdc/ServiceDesk.js (359)
[44668:56572:1231/135909.808:INFO:CONSOLE(255)] "publisher core wiring started", source: https://incapsulate311-sat-dev-ed.my.salesforce.com/jslibrary/1539646802000/sfdc/Chatter.js (255)
[44668:56572:1231/135909.814:INFO:CONSOLE(255)] "publisher core wiring finished in 4ms", source: https://incapsulate311-sat-dev-ed.my.salesforce.com/jslibrary/1539646802000/sfdc/Chatter.js (255)
[44668:56572:1231/135910.298:INFO:CONSOLE(255)] "CEB EVENT! ns<chatter:publisher> en<onAfterFeedLoad> pld<[object Object]> exec-time<0>", source: https://incapsulate311-sat-dev-ed.my.salesforce.com/jslibrary/1539646802000/sfdc/Chatter.js (255)
[44668:56572:1231/140019.055:INFO:CONSOLE(0)] "Slow network is detected. See https://www.chromestatus.com/feature/5636954674692096 for more details. Fallback font will be used while loading: https://incapsulate311-sat-dev-ed.my.salesforce.com/login/assets/fonts/SalesforceSans/SalesforceSans-Regular.woff2", source: https://incapsulate311-sat-dev-ed.my.salesforce.com/ (0)
[44668:56572:1231/140019.055:INFO:CONSOLE(0)] "Slow network is detected. See https://www.chromestatus.com/feature/5636954674692096 for more details. Fallback font will be used while loading: https://incapsulate311-sat-dev-ed.my.salesforce.com/login/assets/fonts/SalesforceSans/SalesforceSans-Light.woff2", source: https://incapsulate311-sat-dev-ed.my.salesforce.com/ (0)
[44668:56572:1231/140019.449:INFO:CONSOLE(1596)] "Slow network is detected. See https://www.chromestatus.com/feature/5636954674692096 for more details. Fallback font will be used while loading: https://c1.sfdcstatic.com/etc/clientlibs/sfdc-aem-master/clientlibs_base/fonts/SalesforceSans-Regular.woff", source: https://c1.sfdcstatic.com/etc/clientlibs/granite/jquery.min.a1b61eccd1f2b58b4221afee4dd310e6.js (1596)
[44668:56572:1231/140019.450:INFO:CONSOLE(1596)] "Slow network is detected. See https://www.chromestatus.com/feature/5636954674692096 for more details. Fallback font will be used while loading: https://c1.sfdcstatic.com/etc/clientlibs/sfdc-aem-master/clientlibs_base/fonts/SalesforceSans-Bold.woff", source: https://c1.sfdcstatic.com/etc/clientlibs/granite/jquery.min.a1b61eccd1f2b58b4221afee4dd310e6.js (1596)
[44668:56572:1231/140019.450:INFO:CONSOLE(1596)] "Slow network is detected. See https://www.chromestatus.com/feature/5636954674692096 for more details. Fallback font will be used while loading: https://c1.sfdcstatic.com/etc/clientlibs/sfdc-aem-master/clientlibs_base/fonts/SalesforceSans-Light.woff", source: https://c1.sfdcstatic.com/etc/clientlibs/granite/jquery.min.a1b61eccd1f2b58b4221afee4dd310e6.js (1596)
